<?xml version="1.0" encoding="UTF-8"?>
<!-- Generated by org.testng.reporters.JUnitXMLReporter -->
<testsuite ignored="0" hostname="Bloomlync-Qa" failures="1" tests="1" name="Default test" time="6.957" errors="0" timestamp="2024-08-29T17:35:13 IST">
  <testcase classname="io.cucumber.testng.AbstractTestNGCucumberTests" name="runScenario" time="6.483">
    <failure type="java.lang.NullPointerException" message="Cannot invoke &amp;quot;org.openqa.selenium.WebDriver.findElement(org.openqa.selenium.By)&amp;quot; because &amp;quot;this.driver&amp;quot; is null">
      <![CDATA[java.lang.NullPointerException: Cannot invoke "org.openqa.selenium.WebDriver.findElement(org.openqa.selenium.By)" because "this.driver" is null
at pageObjects.VideoPlatformDolbyBookingPage.login(VideoPlatformDolbyBookingPage.java:123)
at stepDefinition.stepDefinition.landed_in_1st_application(stepDefinition.java:34)
at ✽.Landed in 1ST Application(file:///C:/SampleWorkspace/1st-prism-web-integration-test/TestNGProject/src/test/java/cucumber/DolbyTest.feature:6)
]]>
    </failure>
  </testcase> <!-- runScenario -->
</testsuite> <!-- Default test -->
