<?xml version="1.0" encoding="UTF-8"?>
<testng-results ignored="0" total="1" passed="0" failed="1" skipped="0">
  <reporter-output>
  </reporter-output>
  <suite started-at="2024-08-29T17:36:12 IST" name="Suite" finished-at="2024-08-29T17:36:17 IST" duration-ms="5304">
    <groups>
      <group name="cucumber">
        <method signature="AbstractTestNGCucumberTests.runScenario(io.cucumber.testng.PickleWrapper,io.cucumber.testng.FeatureWrapper)[pri:0, instance:cucumber.TestNGRunner@409bf450]" name="runScenario" class="io.cucumber.testng.AbstractTestNGCucumberTests"/>
      </group> <!-- cucumber -->
    </groups>
    <test started-at="2024-08-29T17:36:12 IST" name="DolbyTest" finished-at="2024-08-29T17:36:17 IST" duration-ms="5304">
      <class name="cucumber.TestNGRunner">
        <test-method is-config="true" signature="setUpClass(org.testng.ITestContext)[pri:0, instance:cucumber.TestNGRunner@409bf450]" started-at="2024-08-29T17:36:12 IST" name="setUpClass" finished-at="2024-08-29T17:36:12 IST" duration-ms="389" status="PASS">
          <params>
            <param index="0">
              <value>
                <![CDATA[org.testng.TestRunner@4009e306]]>
              </value>
            </param>
          </params>
          <reporter-output>
          </reporter-output>
        </test-method> <!-- setUpClass -->
        <test-method signature="runScenario(io.cucumber.testng.PickleWrapper,io.cucumber.testng.FeatureWrapper)[pri:0, instance:cucumber.TestNGRunner@409bf450]" started-at="2024-08-29T17:36:12 IST" name="runScenario" description="Runs Cucumber Scenarios" data-provider="scenarios" finished-at="2024-08-29T17:36:17 IST" duration-ms="4629" status="FAIL">
          <params>
            <param index="0">
              <value>
                <![CDATA["Dolby Booking workflow - VideoEncoderTest"]]>
              </value>
            </param>
            <param index="1">
              <value>
                <![CDATA["WebAutomation-CucumberBDD-PrismWeb"]]>
              </value>
            </param>
          </params>
          <exception class="java.lang.NullPointerException">
            <message>
              <![CDATA[Cannot invoke "org.openqa.selenium.WebDriver.findElement(org.openqa.selenium.By)" because "this.driver" is null]]>
            </message>
            <full-stacktrace>
              <![CDATA[java.lang.NullPointerException: Cannot invoke "org.openqa.selenium.WebDriver.findElement(org.openqa.selenium.By)" because "this.driver" is null
at pageObjects.VideoPlatformDolbyBookingPage.login(VideoPlatformDolbyBookingPage.java:123)
at stepDefinition.stepDefinition.landed_in_1st_application(stepDefinition.java:34)
at ✽.Landed in 1ST Application(file:///C:/SampleWorkspace/1st-prism-web-integration-test/TestNGProject/src/test/java/cucumber/DolbyTest.feature:6)
]]>
            </full-stacktrace>
          </exception> <!-- java.lang.NullPointerException -->
          <reporter-output>
          </reporter-output>
        </test-method> <!-- runScenario -->
        <test-method is-config="true" signature="tearDownClass()[pri:0, instance:cucumber.TestNGRunner@409bf450]" started-at="2024-08-29T17:36:17 IST" name="tearDownClass" finished-at="2024-08-29T17:36:17 IST" duration-ms="36" status="PASS">
          <reporter-output>
          </reporter-output>
        </test-method> <!-- tearDownClass -->
      </class> <!-- cucumber.TestNGRunner -->
    </test> <!-- DolbyTest -->
  </suite> <!-- Suite -->
</testng-results>
