<?xml version="1.0" encoding="UTF-8"?>
<!-- Generated by org.testng.reporters.JUnitReportReporter -->
<testsuite hostname="Bloomlync-Qa" failures="0" tests="1" name="cucumber.TestNGRunner" time="4.629" errors="1" timestamp="2024-08-29T17:36:17 IST" skipped="0">
  <testcase classname="cucumber.TestNGRunner" name="runScenario" time="4.629">
    <error message="Cannot invoke &quot;org.openqa.selenium.WebDriver.findElement(org.openqa.selenium.By)&quot; because &quot;this.driver&quot; is null" type="java.lang.NullPointerException">
      <![CDATA[java.lang.NullPointerException: Cannot invoke "org.openqa.selenium.WebDriver.findElement(org.openqa.selenium.By)" because "this.driver" is null
at pageObjects.VideoPlatformDolbyBookingPage.login(VideoPlatformDolbyBookingPage.java:123)
at stepDefinition.stepDefinition.landed_in_1st_application(stepDefinition.java:34)
at ✽.Landed in 1ST Application(file:///C:/SampleWorkspace/1st-prism-web-integration-test/TestNGProject/src/test/java/cucumber/DolbyTest.feature:6)
]]>
    </error>
  </testcase> <!-- runScenario -->
  <system-out/>
</testsuite> <!-- cucumber.TestNGRunner -->
